<?xml version="1.0" encoding="UTF-8" standalone="no"?>
<testsuite errors="0" failures="0" name="io.cucumber.core.plugin.JUnitFormatter" skipped="0" tests="4" time="42.557">
<testcase classname="feature to test google search funcionality" name="Validate that google search is working" time="12.279">
<system-out><![CDATA[Given browser is open.......................................................passed
And user is on google search page...........................................passed
When user enters a text in search box.......................................passed
And hits enter..............................................................passed
Then user is navegated to search results....................................passed
]]></system-out>
</testcase>
<testcase classname="test login functionality" name="check if login is sucessful with valid credencials" time="11.672">
<system-out><![CDATA[Given the browser is open...................................................passed
And user is on login page...................................................passed
When user enters marcelo and 12345..........................................passed
And clicks on login button..................................................passed
Then user is navegated to the homepage......................................passed
]]></system-out>
</testcase>
<testcase classname="test login functionality" name="check if login is sucessful with valid credencials 2" time="9.651">
<system-out><![CDATA[Given the browser is open...................................................passed
And user is on login page...................................................passed
When user enters uliana and 12345...........................................passed
And clicks on login button..................................................passed
Then user is navegated to the homepage......................................passed
]]></system-out>
</testcase>
<testcase classname="test login functionality" name="check if login is sucessful with valid credencials 3" time="8.602">
<system-out><![CDATA[Given the browser is open...................................................passed
And user is on login page...................................................passed
When user enters matteus and 12345..........................................passed
And clicks on login button..................................................passed
Then user is navegated to the homepage......................................passed
]]></system-out>
</testcase>
</testsuite>
